{
    "Role": {
        "Path": "/",
        "RoleName": "lambda-example",
        "RoleId": "AROAQFUQQ6UR6RW6YXTUJ",
        "Arn": "arn:aws:iam::012114261283:role/lambda-example",
        "CreateDate": "2020-11-04T00:26:41+00:00",
        "AssumeRolePolicyDocument": {
            "Version": "2012-10-17",
            "Statement": [
                {
                    "Effect": "Allow",
                    "Principal": {
                        "Service": "lambda.amazonaws.com"
                    },
                    "Action": "sts:AssumeRole"
                }
            ]
        }
    }
}
